2022-09-19 15:26:19.084  INFO 2060 --- [restartedMain] c.emesall.news.SpringNewsAppApplication  : Starting SpringNewsAppApplication using Java 17.0.2 on ZSHWAE000361 with PID 2060 (C:\Users\EBZAE\eclipse-workspace\SPRING\spring-news-app\target\classes started by EBZAE in C:\Users\EBZAE\eclipse-workspace\SPRING\spring-news-app)
2022-09-19 15:26:19.089 DEBUG 2060 --- [restartedMain] c.emesall.news.SpringNewsAppApplication  : Running with Spring Boot v2.7.0, Spring v5.3.20
2022-09-19 15:26:19.090  INFO 2060 --- [restartedMain] c.emesall.news.SpringNewsAppApplication  : No active profile set, falling back to 1 default profile: "default"
2022-09-19 15:26:19.144  INFO 2060 --- [restartedMain] .e.DevToolsPropertyDefaultsPostProcessor : Devtools property defaults active! Set 'spring.devtools.add-properties' to 'false' to disable
2022-09-19 15:26:19.146  INFO 2060 --- [restartedMain] .e.DevToolsPropertyDefaultsPostProcessor : For additional web related logging consider setting the 'logging.level.web' property to 'DEBUG'
2022-09-19 15:26:19.895  INFO 2060 --- [restartedMain] .s.d.r.c.RepositoryConfigurationDelegate : Bootstrapping Spring Data JPA repositories in DEFAULT mode.
2022-09-19 15:26:19.986  INFO 2060 --- [restartedMain] .s.d.r.c.RepositoryConfigurationDelegate : Finished Spring Data repository scanning in 82 ms. Found 7 JPA repository interfaces.
2022-09-19 15:26:20.670  INFO 2060 --- [restartedMain] o.s.b.w.embedded.tomcat.TomcatWebServer  : Tomcat initialized with port(s): 8080 (http)
2022-09-19 15:26:20.682  INFO 2060 --- [restartedMain] o.apache.catalina.core.StandardService   : Starting service [Tomcat]
2022-09-19 15:26:20.682  INFO 2060 --- [restartedMain] org.apache.catalina.core.StandardEngine  : Starting Servlet engine: [Apache Tomcat/9.0.63]
2022-09-19 15:26:20.780  INFO 2060 --- [restartedMain] o.a.c.c.C.[Tomcat].[localhost].[/]       : Initializing Spring embedded WebApplicationContext
2022-09-19 15:26:20.781  INFO 2060 --- [restartedMain] w.s.c.ServletWebServerApplicationContext : Root WebApplicationContext: initialization completed in 1634 ms
2022-09-19 15:26:20.807  INFO 2060 --- [restartedMain] com.zaxxer.hikari.HikariDataSource       : HikariPool-1 - Starting...
2022-09-19 15:26:21.037  INFO 2060 --- [restartedMain] com.zaxxer.hikari.HikariDataSource       : HikariPool-1 - Start completed.
2022-09-19 15:26:21.047  INFO 2060 --- [restartedMain] o.s.b.a.h2.H2ConsoleAutoConfiguration    : H2 console available at '/h2-console'. Database available at 'jdbc:h2:mem:test'
2022-09-19 15:26:21.197  INFO 2060 --- [restartedMain] o.hibernate.jpa.internal.util.LogHelper  : HHH000204: Processing PersistenceUnitInfo [name: default]
2022-09-19 15:26:21.254  INFO 2060 --- [restartedMain] org.hibernate.Version                    : HHH000412: Hibernate ORM core version 5.6.9.Final
2022-09-19 15:26:21.418  INFO 2060 --- [restartedMain] o.hibernate.annotations.common.Version   : HCANN000001: Hibernate Commons Annotations {5.1.2.Final}
2022-09-19 15:26:21.550  INFO 2060 --- [restartedMain] org.hibernate.dialect.Dialect            : HHH000400: Using dialect: org.hibernate.dialect.H2Dialect
2022-09-19 15:26:22.422  INFO 2060 --- [restartedMain] o.h.e.t.j.p.i.JtaPlatformInitiator       : HHH000490: Using JtaPlatform implementation: [org.hibernate.engine.transaction.jta.platform.internal.NoJtaPlatform]
2022-09-19 15:26:22.431  INFO 2060 --- [restartedMain] j.LocalContainerEntityManagerFactoryBean : Initialized JPA EntityManagerFactory for persistence unit 'default'
2022-09-19 15:26:23.113  INFO 2060 --- [restartedMain] o.s.s.web.DefaultSecurityFilterChain     : Will secure any request with [org.springframework.security.web.session.DisableEncodeUrlFilter@5a36a366, org.springframework.security.web.context.request.async.WebAsyncManagerIntegrationFilter@7f274db8, org.springframework.security.web.context.SecurityContextPersistenceFilter@5287b455, org.springframework.security.web.header.HeaderWriterFilter@67c5768d, org.springframework.security.web.csrf.CsrfFilter@68607ad9, org.springframework.security.web.authentication.logout.LogoutFilter@54a757c1, org.springframework.security.web.authentication.UsernamePasswordAuthenticationFilter@4eb8c97f, org.springframework.security.web.savedrequest.RequestCacheAwareFilter@413b88c, org.springframework.security.web.servletapi.SecurityContextHolderAwareRequestFilter@20cf749, org.springframework.security.web.authentication.rememberme.RememberMeAuthenticationFilter@557e0959, org.springframework.security.web.authentication.AnonymousAuthenticationFilter@e3456a3, org.springframework.security.web.session.SessionManagementFilter@5c157568, org.springframework.security.web.access.ExceptionTranslationFilter@1ae04043, org.springframework.security.web.access.intercept.FilterSecurityInterceptor@5b0953ff]
2022-09-19 15:26:23.116  WARN 2060 --- [restartedMain] o.s.s.c.a.web.builders.WebSecurity       : You are asking Spring Security to ignore Ant [pattern='/h2-console/**']. This is not recommended -- please use permitAll via HttpSecurity#authorizeHttpRequests instead.
2022-09-19 15:26:23.116  INFO 2060 --- [restartedMain] o.s.s.web.DefaultSecurityFilterChain     : Will not secure Ant [pattern='/h2-console/**']
2022-09-19 15:26:23.168  WARN 2060 --- [restartedMain] JpaBaseConfiguration$JpaWebConfiguration : spring.jpa.open-in-view is enabled by default. Therefore, database queries may be performed during view rendering. Explicitly configure spring.jpa.open-in-view to disable this warning
2022-09-19 15:26:23.317  INFO 2060 --- [restartedMain] o.s.b.a.w.s.WelcomePageHandlerMapping    : Adding welcome page template: index
2022-09-19 15:26:23.788  INFO 2060 --- [restartedMain] o.s.b.d.a.OptionalLiveReloadServer       : LiveReload server is running on port 35729
2022-09-19 15:26:23.825  INFO 2060 --- [restartedMain] o.s.b.w.embedded.tomcat.TomcatWebServer  : Tomcat started on port(s): 8080 (http) with context path ''
2022-09-19 15:26:24.017 DEBUG 2060 --- [scheduling-1] c.e.news.scheduled.CleanDBScheduledTask  : Finding old news: 0
2022-09-19 15:26:24.017 DEBUG 2060 --- [scheduling-1] c.e.news.scheduled.CleanDBScheduledTask  : Deleting old news: 0
2022-09-19 15:26:24.018 DEBUG 2060 --- [scheduling-1] c.e.n.scheduled.FetchNewsScheduledTask   : Fetching new news: 2022-09-19T13:26:24.018332300Z
2022-09-19 15:26:24.239  INFO 2060 --- [restartedMain] c.emesall.news.SpringNewsAppApplication  : Started SpringNewsAppApplication in 5.558 seconds (JVM running for 6.296)
2022-09-19 15:26:33.864  INFO 2060 --- [RMI TCP Connection(2)-127.0.0.1] inMXBeanRegistrar$SpringApplicationAdmin : Application shutdown requested.
2022-09-19 15:26:33.896  INFO 2060 --- [RMI TCP Connection(2)-127.0.0.1] j.LocalContainerEntityManagerFactoryBean : Closing JPA EntityManagerFactory for persistence unit 'default'
2022-09-19 15:26:33.897  INFO 2060 --- [RMI TCP Connection(2)-127.0.0.1] .SchemaDropperImpl$DelayedDropActionImpl : HHH000477: Starting delayed evictData of schema as part of SessionFactory shut-down'
2022-09-19 15:26:34.316  WARN 2060 --- [RMI TCP Connection(2)-127.0.0.1] o.s.b.f.support.DisposableBeanAdapter    : Invocation of destroy method failed on bean with name 'inMemoryDatabaseShutdownExecutor': org.h2.jdbc.JdbcSQLNonTransientConnectionException: Baza danych jest już zamknięta (aby zablokować samoczynne zamykanie podczas zamknięcia VM dodaj ";DB_CLOSE_ON_EXIT=FALSE" do URL bazy danych)
Database is already closed (to disable automatic closing at VM shutdown, add ";DB_CLOSE_ON_EXIT=FALSE" to the db URL) [90121-212]
2022-09-19 15:26:34.318  INFO 2060 --- [RMI TCP Connection(2)-127.0.0.1] com.zaxxer.hikari.HikariDataSource       : HikariPool-1 - Shutdown initiated...
2022-09-19 15:26:34.322  INFO 2060 --- [RMI TCP Connection(2)-127.0.0.1] com.zaxxer.hikari.HikariDataSource       : HikariPool-1 - Shutdown completed.
2022-09-19 15:26:45.588  INFO 13848 --- [restartedMain] c.emesall.news.SpringNewsAppApplication  : Starting SpringNewsAppApplication using Java 17.0.2 on ZSHWAE000361 with PID 13848 (C:\Users\EBZAE\eclipse-workspace\SPRING\spring-news-app\target\classes started by EBZAE in C:\Users\EBZAE\eclipse-workspace\SPRING\spring-news-app)
2022-09-19 15:26:45.593 DEBUG 13848 --- [restartedMain] c.emesall.news.SpringNewsAppApplication  : Running with Spring Boot v2.7.0, Spring v5.3.20
2022-09-19 15:26:45.594  INFO 13848 --- [restartedMain] c.emesall.news.SpringNewsAppApplication  : No active profile set, falling back to 1 default profile: "default"
2022-09-19 15:26:45.655  INFO 13848 --- [restartedMain] .e.DevToolsPropertyDefaultsPostProcessor : Devtools property defaults active! Set 'spring.devtools.add-properties' to 'false' to disable
2022-09-19 15:26:45.655  INFO 13848 --- [restartedMain] .e.DevToolsPropertyDefaultsPostProcessor : For additional web related logging consider setting the 'logging.level.web' property to 'DEBUG'
2022-09-19 15:26:46.503  INFO 13848 --- [restartedMain] .s.d.r.c.RepositoryConfigurationDelegate : Bootstrapping Spring Data JPA repositories in DEFAULT mode.
2022-09-19 15:26:46.611  INFO 13848 --- [restartedMain] .s.d.r.c.RepositoryConfigurationDelegate : Finished Spring Data repository scanning in 97 ms. Found 7 JPA repository interfaces.
2022-09-19 15:26:47.437  INFO 13848 --- [restartedMain] o.s.b.w.embedded.tomcat.TomcatWebServer  : Tomcat initialized with port(s): 8080 (http)
2022-09-19 15:26:47.449  INFO 13848 --- [restartedMain] o.apache.catalina.core.StandardService   : Starting service [Tomcat]
2022-09-19 15:26:47.449  INFO 13848 --- [restartedMain] org.apache.catalina.core.StandardEngine  : Starting Servlet engine: [Apache Tomcat/9.0.63]
2022-09-19 15:26:47.561  INFO 13848 --- [restartedMain] o.a.c.c.C.[Tomcat].[localhost].[/]       : Initializing Spring embedded WebApplicationContext
2022-09-19 15:26:47.562  INFO 13848 --- [restartedMain] w.s.c.ServletWebServerApplicationContext : Root WebApplicationContext: initialization completed in 1906 ms
2022-09-19 15:26:47.593  INFO 13848 --- [restartedMain] com.zaxxer.hikari.HikariDataSource       : HikariPool-1 - Starting...
2022-09-19 15:26:47.852  INFO 13848 --- [restartedMain] com.zaxxer.hikari.HikariDataSource       : HikariPool-1 - Start completed.
2022-09-19 15:26:47.865  INFO 13848 --- [restartedMain] o.s.b.a.h2.H2ConsoleAutoConfiguration    : H2 console available at '/h2-console'. Database available at 'jdbc:h2:mem:test'
2022-09-19 15:26:48.051  INFO 13848 --- [restartedMain] o.hibernate.jpa.internal.util.LogHelper  : HHH000204: Processing PersistenceUnitInfo [name: default]
2022-09-19 15:26:48.113  INFO 13848 --- [restartedMain] org.hibernate.Version                    : HHH000412: Hibernate ORM core version 5.6.9.Final
2022-09-19 15:26:48.373  INFO 13848 --- [restartedMain] o.hibernate.annotations.common.Version   : HCANN000001: Hibernate Commons Annotations {5.1.2.Final}
2022-09-19 15:26:48.551  INFO 13848 --- [restartedMain] org.hibernate.dialect.Dialect            : HHH000400: Using dialect: org.hibernate.dialect.H2Dialect
2022-09-19 15:26:49.537  INFO 13848 --- [restartedMain] o.h.e.t.j.p.i.JtaPlatformInitiator       : HHH000490: Using JtaPlatform implementation: [org.hibernate.engine.transaction.jta.platform.internal.NoJtaPlatform]
2022-09-19 15:26:49.547  INFO 13848 --- [restartedMain] j.LocalContainerEntityManagerFactoryBean : Initialized JPA EntityManagerFactory for persistence unit 'default'
2022-09-19 15:26:50.415  INFO 13848 --- [restartedMain] o.s.s.web.DefaultSecurityFilterChain     : Will secure any request with [org.springframework.security.web.session.DisableEncodeUrlFilter@38aaeebf, org.springframework.security.web.context.request.async.WebAsyncManagerIntegrationFilter@1c46e076, org.springframework.security.web.context.SecurityContextPersistenceFilter@68e8c216, org.springframework.security.web.header.HeaderWriterFilter@6ee67f5e, org.springframework.security.web.csrf.CsrfFilter@10eea7b1, org.springframework.security.web.authentication.logout.LogoutFilter@633e0085, org.springframework.security.web.authentication.UsernamePasswordAuthenticationFilter@751853f, org.springframework.security.web.savedrequest.RequestCacheAwareFilter@1a865408, org.springframework.security.web.servletapi.SecurityContextHolderAwareRequestFilter@3ccd0047, org.springframework.security.web.authentication.rememberme.RememberMeAuthenticationFilter@584398d, org.springframework.security.web.authentication.AnonymousAuthenticationFilter@3cbbd720, org.springframework.security.web.session.SessionManagementFilter@f0aca5, org.springframework.security.web.access.ExceptionTranslationFilter@274e9cc6, org.springframework.security.web.access.intercept.FilterSecurityInterceptor@b6e92a7]
2022-09-19 15:26:50.425  WARN 13848 --- [restartedMain] o.s.s.c.a.web.builders.WebSecurity       : You are asking Spring Security to ignore Ant [pattern='/h2-console/**']. This is not recommended -- please use permitAll via HttpSecurity#authorizeHttpRequests instead.
2022-09-19 15:26:50.425  INFO 13848 --- [restartedMain] o.s.s.web.DefaultSecurityFilterChain     : Will not secure Ant [pattern='/h2-console/**']
2022-09-19 15:26:50.489  WARN 13848 --- [restartedMain] JpaBaseConfiguration$JpaWebConfiguration : spring.jpa.open-in-view is enabled by default. Therefore, database queries may be performed during view rendering. Explicitly configure spring.jpa.open-in-view to disable this warning
2022-09-19 15:26:50.688  INFO 13848 --- [restartedMain] o.s.b.a.w.s.WelcomePageHandlerMapping    : Adding welcome page template: index
2022-09-19 15:26:51.274  INFO 13848 --- [restartedMain] o.s.b.d.a.OptionalLiveReloadServer       : LiveReload server is running on port 35729
2022-09-19 15:26:51.327  INFO 13848 --- [restartedMain] o.s.b.w.embedded.tomcat.TomcatWebServer  : Tomcat started on port(s): 8080 (http) with context path ''
2022-09-19 15:26:51.547 DEBUG 13848 --- [scheduling-1] c.e.news.scheduled.CleanDBScheduledTask  : Finding old news: 0
2022-09-19 15:26:51.548 DEBUG 13848 --- [scheduling-1] c.e.news.scheduled.CleanDBScheduledTask  : Deleting old news: 0
2022-09-19 15:26:51.549 DEBUG 13848 --- [scheduling-1] c.e.n.scheduled.FetchNewsScheduledTask   : Fetching new news: 2022-09-19T13:26:51.549488500Z
2022-09-19 15:26:51.899  INFO 13848 --- [restartedMain] c.emesall.news.SpringNewsAppApplication  : Started SpringNewsAppApplication in 6.726 seconds (JVM running for 7.442)
2022-09-19 15:27:46.844  INFO 13848 --- [RMI TCP Connection(3)-127.0.0.1] inMXBeanRegistrar$SpringApplicationAdmin : Application shutdown requested.
2022-09-19 15:27:46.877  INFO 13848 --- [RMI TCP Connection(3)-127.0.0.1] j.LocalContainerEntityManagerFactoryBean : Closing JPA EntityManagerFactory for persistence unit 'default'
2022-09-19 15:27:46.878  INFO 13848 --- [RMI TCP Connection(3)-127.0.0.1] .SchemaDropperImpl$DelayedDropActionImpl : HHH000477: Starting delayed evictData of schema as part of SessionFactory shut-down'
2022-09-19 15:27:47.311  WARN 13848 --- [RMI TCP Connection(3)-127.0.0.1] o.s.b.f.support.DisposableBeanAdapter    : Invocation of destroy method failed on bean with name 'inMemoryDatabaseShutdownExecutor': org.h2.jdbc.JdbcSQLNonTransientConnectionException: Baza danych jest już zamknięta (aby zablokować samoczynne zamykanie podczas zamknięcia VM dodaj ";DB_CLOSE_ON_EXIT=FALSE" do URL bazy danych)
Database is already closed (to disable automatic closing at VM shutdown, add ";DB_CLOSE_ON_EXIT=FALSE" to the db URL) [90121-212]
2022-09-19 15:27:47.313  INFO 13848 --- [RMI TCP Connection(3)-127.0.0.1] com.zaxxer.hikari.HikariDataSource       : HikariPool-1 - Shutdown initiated...
2022-09-19 15:27:47.318  INFO 13848 --- [RMI TCP Connection(3)-127.0.0.1] com.zaxxer.hikari.HikariDataSource       : HikariPool-1 - Shutdown completed.
2022-09-19 15:27:49.646  INFO 20048 --- [restartedMain] c.emesall.news.SpringNewsAppApplication  : Starting SpringNewsAppApplication using Java 17.0.2 on ZSHWAE000361 with PID 20048 (C:\Users\EBZAE\eclipse-workspace\SPRING\spring-news-app\target\classes started by EBZAE in C:\Users\EBZAE\eclipse-workspace\SPRING\spring-news-app)
2022-09-19 15:27:49.651 DEBUG 20048 --- [restartedMain] c.emesall.news.SpringNewsAppApplication  : Running with Spring Boot v2.7.0, Spring v5.3.20
2022-09-19 15:27:49.652  INFO 20048 --- [restartedMain] c.emesall.news.SpringNewsAppApplication  : No active profile set, falling back to 1 default profile: "default"
2022-09-19 15:27:49.702  INFO 20048 --- [restartedMain] .e.DevToolsPropertyDefaultsPostProcessor : Devtools property defaults active! Set 'spring.devtools.add-properties' to 'false' to disable
2022-09-19 15:27:49.702  INFO 20048 --- [restartedMain] .e.DevToolsPropertyDefaultsPostProcessor : For additional web related logging consider setting the 'logging.level.web' property to 'DEBUG'
2022-09-19 15:27:50.440  INFO 20048 --- [restartedMain] .s.d.r.c.RepositoryConfigurationDelegate : Bootstrapping Spring Data JPA repositories in DEFAULT mode.
2022-09-19 15:27:50.527  INFO 20048 --- [restartedMain] .s.d.r.c.RepositoryConfigurationDelegate : Finished Spring Data repository scanning in 79 ms. Found 7 JPA repository interfaces.
2022-09-19 15:27:51.172  INFO 20048 --- [restartedMain] o.s.b.w.embedded.tomcat.TomcatWebServer  : Tomcat initialized with port(s): 8080 (http)
2022-09-19 15:27:51.186  INFO 20048 --- [restartedMain] o.apache.catalina.core.StandardService   : Starting service [Tomcat]
2022-09-19 15:27:51.187  INFO 20048 --- [restartedMain] org.apache.catalina.core.StandardEngine  : Starting Servlet engine: [Apache Tomcat/9.0.63]
2022-09-19 15:27:51.284  INFO 20048 --- [restartedMain] o.a.c.c.C.[Tomcat].[localhost].[/]       : Initializing Spring embedded WebApplicationContext
2022-09-19 15:27:51.284  INFO 20048 --- [restartedMain] w.s.c.ServletWebServerApplicationContext : Root WebApplicationContext: initialization completed in 1582 ms
2022-09-19 15:27:51.319  INFO 20048 --- [restartedMain] com.zaxxer.hikari.HikariDataSource       : HikariPool-1 - Starting...
2022-09-19 15:27:51.532  INFO 20048 --- [restartedMain] com.zaxxer.hikari.HikariDataSource       : HikariPool-1 - Start completed.
2022-09-19 15:27:51.542  INFO 20048 --- [restartedMain] o.s.b.a.h2.H2ConsoleAutoConfiguration    : H2 console available at '/h2-console'. Database available at 'jdbc:h2:mem:test'
2022-09-19 15:27:51.689  INFO 20048 --- [restartedMain] o.hibernate.jpa.internal.util.LogHelper  : HHH000204: Processing PersistenceUnitInfo [name: default]
2022-09-19 15:27:51.744  INFO 20048 --- [restartedMain] org.hibernate.Version                    : HHH000412: Hibernate ORM core version 5.6.9.Final
2022-09-19 15:27:51.910  INFO 20048 --- [restartedMain] o.hibernate.annotations.common.Version   : HCANN000001: Hibernate Commons Annotations {5.1.2.Final}
2022-09-19 15:27:52.036  INFO 20048 --- [restartedMain] org.hibernate.dialect.Dialect            : HHH000400: Using dialect: org.hibernate.dialect.H2Dialect
2022-09-19 15:27:52.833  INFO 20048 --- [restartedMain] o.h.e.t.j.p.i.JtaPlatformInitiator       : HHH000490: Using JtaPlatform implementation: [org.hibernate.engine.transaction.jta.platform.internal.NoJtaPlatform]
2022-09-19 15:27:52.841  INFO 20048 --- [restartedMain] j.LocalContainerEntityManagerFactoryBean : Initialized JPA EntityManagerFactory for persistence unit 'default'
2022-09-19 15:27:53.514  INFO 20048 --- [restartedMain] o.s.s.web.DefaultSecurityFilterChain     : Will secure any request with [org.springframework.security.web.session.DisableEncodeUrlFilter@615909c2, org.springframework.security.web.context.request.async.WebAsyncManagerIntegrationFilter@3957e157, org.springframework.security.web.context.SecurityContextPersistenceFilter@595d5173, org.springframework.security.web.header.HeaderWriterFilter@e3dde5e, org.springframework.security.web.csrf.CsrfFilter@6df81b1b, org.springframework.security.web.authentication.logout.LogoutFilter@210a2a52, org.springframework.security.web.authentication.UsernamePasswordAuthenticationFilter@7c2f379d, org.springframework.security.web.savedrequest.RequestCacheAwareFilter@248e410e, org.springframework.security.web.servletapi.SecurityContextHolderAwareRequestFilter@46b3c04f, org.springframework.security.web.authentication.rememberme.RememberMeAuthenticationFilter@6a46421c, org.springframework.security.web.authentication.AnonymousAuthenticationFilter@54b86412, org.springframework.security.web.session.SessionManagementFilter@627c4e6c, org.springframework.security.web.access.ExceptionTranslationFilter@71d5f98b, org.springframework.security.web.access.intercept.FilterSecurityInterceptor@6d282c44]
2022-09-19 15:27:53.519  WARN 20048 --- [restartedMain] o.s.s.c.a.web.builders.WebSecurity       : You are asking Spring Security to ignore Ant [pattern='/h2-console/**']. This is not recommended -- please use permitAll via HttpSecurity#authorizeHttpRequests instead.
2022-09-19 15:27:53.519  INFO 20048 --- [restartedMain] o.s.s.web.DefaultSecurityFilterChain     : Will not secure Ant [pattern='/h2-console/**']
2022-09-19 15:27:53.566  WARN 20048 --- [restartedMain] JpaBaseConfiguration$JpaWebConfiguration : spring.jpa.open-in-view is enabled by default. Therefore, database queries may be performed during view rendering. Explicitly configure spring.jpa.open-in-view to disable this warning
2022-09-19 15:27:53.719  INFO 20048 --- [restartedMain] o.s.b.a.w.s.WelcomePageHandlerMapping    : Adding welcome page template: index
2022-09-19 15:27:54.206  INFO 20048 --- [restartedMain] o.s.b.d.a.OptionalLiveReloadServer       : LiveReload server is running on port 35729
2022-09-19 15:27:54.256  INFO 20048 --- [restartedMain] o.s.b.w.embedded.tomcat.TomcatWebServer  : Tomcat started on port(s): 8080 (http) with context path ''
2022-09-19 15:27:54.466 DEBUG 20048 --- [scheduling-1] c.e.news.scheduled.CleanDBScheduledTask  : Finding old news: 0
2022-09-19 15:27:54.467 DEBUG 20048 --- [scheduling-1] c.e.news.scheduled.CleanDBScheduledTask  : Deleting old news: 0
2022-09-19 15:27:54.467 DEBUG 20048 --- [scheduling-1] c.e.n.scheduled.FetchNewsScheduledTask   : Fetching new news: 2022-09-19T13:27:54.467357200Z
2022-09-19 15:27:54.793  INFO 20048 --- [restartedMain] c.emesall.news.SpringNewsAppApplication  : Started SpringNewsAppApplication in 5.54 seconds (JVM running for 6.265)
2022-09-19 15:29:38.383  INFO 20048 --- [RMI TCP Connection(4)-127.0.0.1] inMXBeanRegistrar$SpringApplicationAdmin : Application shutdown requested.
2022-09-19 15:29:38.416  INFO 20048 --- [RMI TCP Connection(4)-127.0.0.1] j.LocalContainerEntityManagerFactoryBean : Closing JPA EntityManagerFactory for persistence unit 'default'
2022-09-19 15:29:38.416  INFO 20048 --- [RMI TCP Connection(4)-127.0.0.1] .SchemaDropperImpl$DelayedDropActionImpl : HHH000477: Starting delayed evictData of schema as part of SessionFactory shut-down'
2022-09-19 15:29:38.834  WARN 20048 --- [RMI TCP Connection(4)-127.0.0.1] o.s.b.f.support.DisposableBeanAdapter    : Invocation of destroy method failed on bean with name 'inMemoryDatabaseShutdownExecutor': org.h2.jdbc.JdbcSQLNonTransientConnectionException: Baza danych jest już zamknięta (aby zablokować samoczynne zamykanie podczas zamknięcia VM dodaj ";DB_CLOSE_ON_EXIT=FALSE" do URL bazy danych)
Database is already closed (to disable automatic closing at VM shutdown, add ";DB_CLOSE_ON_EXIT=FALSE" to the db URL) [90121-212]
2022-09-19 15:29:38.836  INFO 20048 --- [RMI TCP Connection(4)-127.0.0.1] com.zaxxer.hikari.HikariDataSource       : HikariPool-1 - Shutdown initiated...
2022-09-19 15:29:38.840  INFO 20048 --- [RMI TCP Connection(4)-127.0.0.1] com.zaxxer.hikari.HikariDataSource       : HikariPool-1 - Shutdown completed.
2022-09-19 15:29:41.615  INFO 10020 --- [restartedMain] c.emesall.news.SpringNewsAppApplication  : Starting SpringNewsAppApplication using Java 17.0.2 on ZSHWAE000361 with PID 10020 (C:\Users\EBZAE\eclipse-workspace\SPRING\spring-news-app\target\classes started by EBZAE in C:\Users\EBZAE\eclipse-workspace\SPRING\spring-news-app)
2022-09-19 15:29:41.622 DEBUG 10020 --- [restartedMain] c.emesall.news.SpringNewsAppApplication  : Running with Spring Boot v2.7.0, Spring v5.3.20
2022-09-19 15:29:41.622  INFO 10020 --- [restartedMain] c.emesall.news.SpringNewsAppApplication  : No active profile set, falling back to 1 default profile: "default"
2022-09-19 15:29:41.679  INFO 10020 --- [restartedMain] .e.DevToolsPropertyDefaultsPostProcessor : Devtools property defaults active! Set 'spring.devtools.add-properties' to 'false' to disable
2022-09-19 15:29:41.679  INFO 10020 --- [restartedMain] .e.DevToolsPropertyDefaultsPostProcessor : For additional web related logging consider setting the 'logging.level.web' property to 'DEBUG'
2022-09-19 15:29:42.479  INFO 10020 --- [restartedMain] .s.d.r.c.RepositoryConfigurationDelegate : Bootstrapping Spring Data JPA repositories in DEFAULT mode.
2022-09-19 15:29:42.588  INFO 10020 --- [restartedMain] .s.d.r.c.RepositoryConfigurationDelegate : Finished Spring Data repository scanning in 98 ms. Found 7 JPA repository interfaces.
2022-09-19 15:29:43.316  INFO 10020 --- [restartedMain] o.s.b.w.embedded.tomcat.TomcatWebServer  : Tomcat initialized with port(s): 8080 (http)
2022-09-19 15:29:43.327  INFO 10020 --- [restartedMain] o.apache.catalina.core.StandardService   : Starting service [Tomcat]
2022-09-19 15:29:43.327  INFO 10020 --- [restartedMain] org.apache.catalina.core.StandardEngine  : Starting Servlet engine: [Apache Tomcat/9.0.63]
2022-09-19 15:29:43.430  INFO 10020 --- [restartedMain] o.a.c.c.C.[Tomcat].[localhost].[/]       : Initializing Spring embedded WebApplicationContext
2022-09-19 15:29:43.431  INFO 10020 --- [restartedMain] w.s.c.ServletWebServerApplicationContext : Root WebApplicationContext: initialization completed in 1751 ms
2022-09-19 15:29:43.458  INFO 10020 --- [restartedMain] com.zaxxer.hikari.HikariDataSource       : HikariPool-1 - Starting...
2022-09-19 15:29:43.688  INFO 10020 --- [restartedMain] com.zaxxer.hikari.HikariDataSource       : HikariPool-1 - Start completed.
2022-09-19 15:29:43.699  INFO 10020 --- [restartedMain] o.s.b.a.h2.H2ConsoleAutoConfiguration    : H2 console available at '/h2-console'. Database available at 'jdbc:h2:mem:test'
2022-09-19 15:29:43.858  INFO 10020 --- [restartedMain] o.hibernate.jpa.internal.util.LogHelper  : HHH000204: Processing PersistenceUnitInfo [name: default]
2022-09-19 15:29:43.912  INFO 10020 --- [restartedMain] org.hibernate.Version                    : HHH000412: Hibernate ORM core version 5.6.9.Final
2022-09-19 15:29:44.070  INFO 10020 --- [restartedMain] o.hibernate.annotations.common.Version   : HCANN000001: Hibernate Commons Annotations {5.1.2.Final}
2022-09-19 15:29:44.201  INFO 10020 --- [restartedMain] org.hibernate.dialect.Dialect            : HHH000400: Using dialect: org.hibernate.dialect.H2Dialect
2022-09-19 15:29:45.088  INFO 10020 --- [restartedMain] o.h.e.t.j.p.i.JtaPlatformInitiator       : HHH000490: Using JtaPlatform implementation: [org.hibernate.engine.transaction.jta.platform.internal.NoJtaPlatform]
2022-09-19 15:29:45.098  INFO 10020 --- [restartedMain] j.LocalContainerEntityManagerFactoryBean : Initialized JPA EntityManagerFactory for persistence unit 'default'
2022-09-19 15:29:45.808  INFO 10020 --- [restartedMain] o.s.s.web.DefaultSecurityFilterChain     : Will secure any request with [org.springframework.security.web.session.DisableEncodeUrlFilter@e3456a3, org.springframework.security.web.context.request.async.WebAsyncManagerIntegrationFilter@d8234b2, org.springframework.security.web.context.SecurityContextPersistenceFilter@2231b2b4, org.springframework.security.web.header.HeaderWriterFilter@57036578, org.springframework.security.web.csrf.CsrfFilter@525f10e7, org.springframework.security.web.authentication.logout.LogoutFilter@1e042df5, org.springframework.security.web.authentication.UsernamePasswordAuthenticationFilter@2808a6cc, org.springframework.security.web.savedrequest.RequestCacheAwareFilter@47165850, org.springframework.security.web.servletapi.SecurityContextHolderAwareRequestFilter@2fe0544c, org.springframework.security.web.authentication.rememberme.RememberMeAuthenticationFilter@29c54e11, org.springframework.security.web.authentication.AnonymousAuthenticationFilter@62c09bf7, org.springframework.security.web.session.SessionManagementFilter@68c6263, org.springframework.security.web.access.ExceptionTranslationFilter@437e5039, org.springframework.security.web.access.intercept.FilterSecurityInterceptor@1585d350]
2022-09-19 15:29:45.815  WARN 10020 --- [restartedMain] o.s.s.c.a.web.builders.WebSecurity       : You are asking Spring Security to ignore Ant [pattern='/h2-console/**']. This is not recommended -- please use permitAll via HttpSecurity#authorizeHttpRequests instead.
2022-09-19 15:29:45.815  INFO 10020 --- [restartedMain] o.s.s.web.DefaultSecurityFilterChain     : Will not secure Ant [pattern='/h2-console/**']
2022-09-19 15:29:45.869  WARN 10020 --- [restartedMain] JpaBaseConfiguration$JpaWebConfiguration : spring.jpa.open-in-view is enabled by default. Therefore, database queries may be performed during view rendering. Explicitly configure spring.jpa.open-in-view to disable this warning
2022-09-19 15:29:46.042  INFO 10020 --- [restartedMain] o.s.b.a.w.s.WelcomePageHandlerMapping    : Adding welcome page template: index
2022-09-19 15:29:46.527  INFO 10020 --- [restartedMain] o.s.b.d.a.OptionalLiveReloadServer       : LiveReload server is running on port 35729
2022-09-19 15:29:46.571  INFO 10020 --- [restartedMain] o.s.b.w.embedded.tomcat.TomcatWebServer  : Tomcat started on port(s): 8080 (http) with context path ''
2022-09-19 15:29:46.765 DEBUG 10020 --- [scheduling-1] c.e.news.scheduled.CleanDBScheduledTask  : Finding old news: 0
2022-09-19 15:29:46.766 DEBUG 10020 --- [scheduling-1] c.e.news.scheduled.CleanDBScheduledTask  : Deleting old news: 0
2022-09-19 15:29:46.766 DEBUG 10020 --- [scheduling-1] c.e.n.scheduled.FetchNewsScheduledTask   : Fetching new news: 2022-09-19T13:29:46.766649600Z
2022-09-19 15:29:47.092  INFO 10020 --- [restartedMain] c.emesall.news.SpringNewsAppApplication  : Started SpringNewsAppApplication in 5.907 seconds (JVM running for 6.686)
2022-09-19 15:29:57.065  INFO 10020 --- [RMI TCP Connection(2)-127.0.0.1] inMXBeanRegistrar$SpringApplicationAdmin : Application shutdown requested.
2022-09-19 15:29:57.098  INFO 10020 --- [RMI TCP Connection(2)-127.0.0.1] j.LocalContainerEntityManagerFactoryBean : Closing JPA EntityManagerFactory for persistence unit 'default'
2022-09-19 15:29:57.099  INFO 10020 --- [RMI TCP Connection(2)-127.0.0.1] .SchemaDropperImpl$DelayedDropActionImpl : HHH000477: Starting delayed evictData of schema as part of SessionFactory shut-down'
2022-09-19 15:29:57.519  WARN 10020 --- [RMI TCP Connection(2)-127.0.0.1] o.s.b.f.support.DisposableBeanAdapter    : Invocation of destroy method failed on bean with name 'inMemoryDatabaseShutdownExecutor': org.h2.jdbc.JdbcSQLNonTransientConnectionException: Baza danych jest już zamknięta (aby zablokować samoczynne zamykanie podczas zamknięcia VM dodaj ";DB_CLOSE_ON_EXIT=FALSE" do URL bazy danych)
Database is already closed (to disable automatic closing at VM shutdown, add ";DB_CLOSE_ON_EXIT=FALSE" to the db URL) [90121-212]
2022-09-19 15:29:57.521  INFO 10020 --- [RMI TCP Connection(2)-127.0.0.1] com.zaxxer.hikari.HikariDataSource       : HikariPool-1 - Shutdown initiated...
2022-09-19 15:29:57.525  INFO 10020 --- [RMI TCP Connection(2)-127.0.0.1] com.zaxxer.hikari.HikariDataSource       : HikariPool-1 - Shutdown completed.
2022-09-19 15:30:00.340  INFO 17940 --- [restartedMain] c.emesall.news.SpringNewsAppApplication  : Starting SpringNewsAppApplication using Java 17.0.2 on ZSHWAE000361 with PID 17940 (C:\Users\EBZAE\eclipse-workspace\SPRING\spring-news-app\target\classes started by EBZAE in C:\Users\EBZAE\eclipse-workspace\SPRING\spring-news-app)
2022-09-19 15:30:00.346 DEBUG 17940 --- [restartedMain] c.emesall.news.SpringNewsAppApplication  : Running with Spring Boot v2.7.0, Spring v5.3.20
2022-09-19 15:30:00.347  INFO 17940 --- [restartedMain] c.emesall.news.SpringNewsAppApplication  : No active profile set, falling back to 1 default profile: "default"
2022-09-19 15:30:00.402  INFO 17940 --- [restartedMain] .e.DevToolsPropertyDefaultsPostProcessor : Devtools property defaults active! Set 'spring.devtools.add-properties' to 'false' to disable
2022-09-19 15:30:00.403  INFO 17940 --- [restartedMain] .e.DevToolsPropertyDefaultsPostProcessor : For additional web related logging consider setting the 'logging.level.web' property to 'DEBUG'
2022-09-19 15:30:01.237  INFO 17940 --- [restartedMain] .s.d.r.c.RepositoryConfigurationDelegate : Bootstrapping Spring Data JPA repositories in DEFAULT mode.
2022-09-19 15:30:01.350  INFO 17940 --- [restartedMain] .s.d.r.c.RepositoryConfigurationDelegate : Finished Spring Data repository scanning in 100 ms. Found 7 JPA repository interfaces.
2022-09-19 15:30:02.059  INFO 17940 --- [restartedMain] o.s.b.w.embedded.tomcat.TomcatWebServer  : Tomcat initialized with port(s): 8080 (http)
2022-09-19 15:30:02.073  INFO 17940 --- [restartedMain] o.apache.catalina.core.StandardService   : Starting service [Tomcat]
2022-09-19 15:30:02.073  INFO 17940 --- [restartedMain] org.apache.catalina.core.StandardEngine  : Starting Servlet engine: [Apache Tomcat/9.0.63]
2022-09-19 15:30:02.170  INFO 17940 --- [restartedMain] o.a.c.c.C.[Tomcat].[localhost].[/]       : Initializing Spring embedded WebApplicationContext
2022-09-19 15:30:02.170  INFO 17940 --- [restartedMain] w.s.c.ServletWebServerApplicationContext : Root WebApplicationContext: initialization completed in 1767 ms
2022-09-19 15:30:02.197  INFO 17940 --- [restartedMain] com.zaxxer.hikari.HikariDataSource       : HikariPool-1 - Starting...
2022-09-19 15:30:02.430  INFO 17940 --- [restartedMain] com.zaxxer.hikari.HikariDataSource       : HikariPool-1 - Start completed.
2022-09-19 15:30:02.441  INFO 17940 --- [restartedMain] o.s.b.a.h2.H2ConsoleAutoConfiguration    : H2 console available at '/h2-console'. Database available at 'jdbc:h2:mem:test'
2022-09-19 15:30:02.603  INFO 17940 --- [restartedMain] o.hibernate.jpa.internal.util.LogHelper  : HHH000204: Processing PersistenceUnitInfo [name: default]
2022-09-19 15:30:02.661  INFO 17940 --- [restartedMain] org.hibernate.Version                    : HHH000412: Hibernate ORM core version 5.6.9.Final
2022-09-19 15:30:02.841  INFO 17940 --- [restartedMain] o.hibernate.annotations.common.Version   : HCANN000001: Hibernate Commons Annotations {5.1.2.Final}
2022-09-19 15:30:02.977  INFO 17940 --- [restartedMain] org.hibernate.dialect.Dialect            : HHH000400: Using dialect: org.hibernate.dialect.H2Dialect
2022-09-19 15:30:03.846  INFO 17940 --- [restartedMain] o.h.e.t.j.p.i.JtaPlatformInitiator       : HHH000490: Using JtaPlatform implementation: [org.hibernate.engine.transaction.jta.platform.internal.NoJtaPlatform]
2022-09-19 15:30:03.856  INFO 17940 --- [restartedMain] j.LocalContainerEntityManagerFactoryBean : Initialized JPA EntityManagerFactory for persistence unit 'default'
2022-09-19 15:30:04.639  INFO 17940 --- [restartedMain] o.s.s.web.DefaultSecurityFilterChain     : Will secure any request with [org.springframework.security.web.session.DisableEncodeUrlFilter@1df0d8b9, org.springframework.security.web.context.request.async.WebAsyncManagerIntegrationFilter@43a24857, org.springframework.security.web.context.SecurityContextPersistenceFilter@46be830, org.springframework.security.web.header.HeaderWriterFilter@6af9c851, org.springframework.security.web.csrf.CsrfFilter@466ebf40, org.springframework.security.web.authentication.logout.LogoutFilter@72976098, org.springframework.security.web.authentication.UsernamePasswordAuthenticationFilter@58112f27, org.springframework.security.web.savedrequest.RequestCacheAwareFilter@7d4747eb, org.springframework.security.web.servletapi.SecurityContextHolderAwareRequestFilter@763248f7, org.springframework.security.web.authentication.rememberme.RememberMeAuthenticationFilter@6db6674f, org.springframework.security.web.authentication.AnonymousAuthenticationFilter@55a5f9b9, org.springframework.security.web.session.SessionManagementFilter@7dfa8b8c, org.springframework.security.web.access.ExceptionTranslationFilter@66c0145a, org.springframework.security.web.access.intercept.FilterSecurityInterceptor@113f6715]
2022-09-19 15:30:04.647  WARN 17940 --- [restartedMain] o.s.s.c.a.web.builders.WebSecurity       : You are asking Spring Security to ignore Ant [pattern='/h2-console/**']. This is not recommended -- please use permitAll via HttpSecurity#authorizeHttpRequests instead.
2022-09-19 15:30:04.648  INFO 17940 --- [restartedMain] o.s.s.web.DefaultSecurityFilterChain     : Will not secure Ant [pattern='/h2-console/**']
2022-09-19 15:30:04.703  WARN 17940 --- [restartedMain] JpaBaseConfiguration$JpaWebConfiguration : spring.jpa.open-in-view is enabled by default. Therefore, database queries may be performed during view rendering. Explicitly configure spring.jpa.open-in-view to disable this warning
2022-09-19 15:30:04.862  INFO 17940 --- [restartedMain] o.s.b.a.w.s.WelcomePageHandlerMapping    : Adding welcome page template: index
2022-09-19 15:30:05.393  INFO 17940 --- [restartedMain] o.s.b.d.a.OptionalLiveReloadServer       : LiveReload server is running on port 35729
2022-09-19 15:30:05.450  INFO 17940 --- [restartedMain] o.s.b.w.embedded.tomcat.TomcatWebServer  : Tomcat started on port(s): 8080 (http) with context path ''
2022-09-19 15:30:05.642 DEBUG 17940 --- [scheduling-1] c.e.news.scheduled.CleanDBScheduledTask  : Finding old news: 0
2022-09-19 15:30:05.642 DEBUG 17940 --- [scheduling-1] c.e.news.scheduled.CleanDBScheduledTask  : Deleting old news: 0
2022-09-19 15:30:05.643 DEBUG 17940 --- [scheduling-1] c.e.n.scheduled.FetchNewsScheduledTask   : Fetching new news: 2022-09-19T13:30:05.642424100Z
2022-09-19 15:30:05.892  INFO 17940 --- [restartedMain] c.emesall.news.SpringNewsAppApplication  : Started SpringNewsAppApplication in 6.001 seconds (JVM running for 6.754)
2022-09-19 15:30:15.854  INFO 17940 --- [Thread-6] j.LocalContainerEntityManagerFactoryBean : Closing JPA EntityManagerFactory for persistence unit 'default'
2022-09-19 15:30:15.855  INFO 17940 --- [Thread-6] .SchemaDropperImpl$DelayedDropActionImpl : HHH000477: Starting delayed evictData of schema as part of SessionFactory shut-down'
2022-09-19 15:30:16.091  WARN 17940 --- [Thread-6] o.s.b.f.support.DisposableBeanAdapter    : Invocation of destroy method failed on bean with name 'inMemoryDatabaseShutdownExecutor': org.h2.jdbc.JdbcSQLNonTransientConnectionException: Baza danych jest już zamknięta (aby zablokować samoczynne zamykanie podczas zamknięcia VM dodaj ";DB_CLOSE_ON_EXIT=FALSE" do URL bazy danych)
Database is already closed (to disable automatic closing at VM shutdown, add ";DB_CLOSE_ON_EXIT=FALSE" to the db URL) [90121-212]
2022-09-19 15:30:16.092  INFO 17940 --- [Thread-6] com.zaxxer.hikari.HikariDataSource       : HikariPool-1 - Shutdown initiated...
2022-09-19 15:30:16.097  INFO 17940 --- [Thread-6] com.zaxxer.hikari.HikariDataSource       : HikariPool-1 - Shutdown completed.
2022-09-19 15:30:16.350  INFO 17940 --- [restartedMain] c.emesall.news.SpringNewsAppApplication  : Starting SpringNewsAppApplication using Java 17.0.2 on ZSHWAE000361 with PID 17940 (C:\Users\EBZAE\eclipse-workspace\SPRING\spring-news-app\target\classes started by EBZAE in C:\Users\EBZAE\eclipse-workspace\SPRING\spring-news-app)
2022-09-19 15:30:16.351 DEBUG 17940 --- [restartedMain] c.emesall.news.SpringNewsAppApplication  : Running with Spring Boot v2.7.0, Spring v5.3.20
2022-09-19 15:30:16.351  INFO 17940 --- [restartedMain] c.emesall.news.SpringNewsAppApplication  : No active profile set, falling back to 1 default profile: "default"
2022-09-19 15:30:16.593  INFO 17940 --- [restartedMain] .s.d.r.c.RepositoryConfigurationDelegate : Bootstrapping Spring Data JPA repositories in DEFAULT mode.
2022-09-19 15:30:16.631  INFO 17940 --- [restartedMain] .s.d.r.c.RepositoryConfigurationDelegate : Finished Spring Data repository scanning in 38 ms. Found 7 JPA repository interfaces.
2022-09-19 15:30:16.745  INFO 17940 --- [restartedMain] o.s.b.w.embedded.tomcat.TomcatWebServer  : Tomcat initialized with port(s): 8443 (https)
2022-09-19 15:30:16.746  INFO 17940 --- [restartedMain] o.apache.catalina.core.StandardService   : Starting service [Tomcat]
2022-09-19 15:30:16.746  INFO 17940 --- [restartedMain] org.apache.catalina.core.StandardEngine  : Starting Servlet engine: [Apache Tomcat/9.0.63]
2022-09-19 15:30:16.776  INFO 17940 --- [restartedMain] o.a.c.c.C.[Tomcat].[localhost].[/]       : Initializing Spring embedded WebApplicationContext
2022-09-19 15:30:16.777  INFO 17940 --- [restartedMain] w.s.c.ServletWebServerApplicationContext : Root WebApplicationContext: initialization completed in 422 ms
2022-09-19 15:30:16.789  INFO 17940 --- [restartedMain] com.zaxxer.hikari.HikariDataSource       : HikariPool-2 - Starting...
2022-09-19 15:30:16.791  INFO 17940 --- [restartedMain] com.zaxxer.hikari.HikariDataSource       : HikariPool-2 - Start completed.
2022-09-19 15:30:16.792  INFO 17940 --- [restartedMain] o.s.b.a.h2.H2ConsoleAutoConfiguration    : H2 console available at '/h2-console'. Database available at 'jdbc:h2:mem:test'
2022-09-19 15:30:16.826  INFO 17940 --- [restartedMain] o.hibernate.jpa.internal.util.LogHelper  : HHH000204: Processing PersistenceUnitInfo [name: default]
2022-09-19 15:30:16.833  INFO 17940 --- [restartedMain] org.hibernate.dialect.Dialect            : HHH000400: Using dialect: org.hibernate.dialect.H2Dialect
2022-09-19 15:30:16.955  INFO 17940 --- [restartedMain] o.h.e.t.j.p.i.JtaPlatformInitiator       : HHH000490: Using JtaPlatform implementation: [org.hibernate.engine.transaction.jta.platform.internal.NoJtaPlatform]
2022-09-19 15:30:16.955  INFO 17940 --- [restartedMain] j.LocalContainerEntityManagerFactoryBean : Initialized JPA EntityManagerFactory for persistence unit 'default'
2022-09-19 15:30:17.193  INFO 17940 --- [restartedMain] o.s.s.web.DefaultSecurityFilterChain     : Will secure any request with [org.springframework.security.web.session.DisableEncodeUrlFilter@4c374983, org.springframework.security.web.context.request.async.WebAsyncManagerIntegrationFilter@4eaf7722, org.springframework.security.web.context.SecurityContextPersistenceFilter@1cb71ac0, org.springframework.security.web.header.HeaderWriterFilter@6825c06, org.springframework.security.web.csrf.CsrfFilter@424b684, org.springframework.security.web.authentication.logout.LogoutFilter@24c4aeee, org.springframework.security.web.authentication.UsernamePasswordAuthenticationFilter@6f47627e, org.springframework.security.web.savedrequest.RequestCacheAwareFilter@19279fb9, org.springframework.security.web.servletapi.SecurityContextHolderAwareRequestFilter@dd182f7, org.springframework.security.web.authentication.rememberme.RememberMeAuthenticationFilter@23b19793, org.springframework.security.web.authentication.AnonymousAuthenticationFilter@1aafa81b, org.springframework.security.web.session.SessionManagementFilter@3d861b62, org.springframework.security.web.access.ExceptionTranslationFilter@568a63ec, org.springframework.security.web.access.intercept.FilterSecurityInterceptor@31f66d9a]
2022-09-19 15:30:17.197  WARN 17940 --- [restartedMain] o.s.s.c.a.web.builders.WebSecurity       : You are asking Spring Security to ignore Ant [pattern='/h2-console/**']. This is not recommended -- please use permitAll via HttpSecurity#authorizeHttpRequests instead.
2022-09-19 15:30:17.197  INFO 17940 --- [restartedMain] o.s.s.web.DefaultSecurityFilterChain     : Will not secure Ant [pattern='/h2-console/**']
2022-09-19 15:30:17.210  WARN 17940 --- [restartedMain] JpaBaseConfiguration$JpaWebConfiguration : spring.jpa.open-in-view is enabled by default. Therefore, database queries may be performed during view rendering. Explicitly configure spring.jpa.open-in-view to disable this warning
2022-09-19 15:30:17.254  INFO 17940 --- [restartedMain] o.s.b.a.w.s.WelcomePageHandlerMapping    : Adding welcome page template: index
2022-09-19 15:30:17.464  INFO 17940 --- [restartedMain] o.s.b.d.a.OptionalLiveReloadServer       : LiveReload server is running on port 35729
2022-09-19 15:30:17.759  INFO 17940 --- [restartedMain] o.s.b.w.embedded.tomcat.TomcatWebServer  : Tomcat started on port(s): 8443 (https) with context path ''
2022-09-19 15:30:17.783 DEBUG 17940 --- [scheduling-1] c.e.news.scheduled.CleanDBScheduledTask  : Finding old news: 0
2022-09-19 15:30:17.784 DEBUG 17940 --- [scheduling-1] c.e.news.scheduled.CleanDBScheduledTask  : Deleting old news: 0
2022-09-19 15:30:17.784 DEBUG 17940 --- [scheduling-1] c.e.n.scheduled.FetchNewsScheduledTask   : Fetching new news: 2022-09-19T13:30:17.784713Z
2022-09-19 15:30:17.985  INFO 17940 --- [restartedMain] c.emesall.news.SpringNewsAppApplication  : Started SpringNewsAppApplication in 1.716 seconds (JVM running for 18.847)
2022-09-19 15:30:17.987  INFO 17940 --- [restartedMain] .ConditionEvaluationDeltaLoggingListener : Condition evaluation unchanged
2022-09-19 15:37:15.243  INFO 17940 --- [RMI TCP Connection(12)-127.0.0.1] inMXBeanRegistrar$SpringApplicationAdmin : Application shutdown requested.
2022-09-19 15:37:15.269  INFO 17940 --- [RMI TCP Connection(12)-127.0.0.1] j.LocalContainerEntityManagerFactoryBean : Closing JPA EntityManagerFactory for persistence unit 'default'
2022-09-19 15:37:15.269  INFO 17940 --- [RMI TCP Connection(12)-127.0.0.1] .SchemaDropperImpl$DelayedDropActionImpl : HHH000477: Starting delayed evictData of schema as part of SessionFactory shut-down'
2022-09-19 15:37:15.677  WARN 17940 --- [RMI TCP Connection(12)-127.0.0.1] o.s.b.f.support.DisposableBeanAdapter    : Invocation of destroy method failed on bean with name 'inMemoryDatabaseShutdownExecutor': org.h2.jdbc.JdbcSQLNonTransientConnectionException: Baza danych jest już zamknięta (aby zablokować samoczynne zamykanie podczas zamknięcia VM dodaj ";DB_CLOSE_ON_EXIT=FALSE" do URL bazy danych)
Database is already closed (to disable automatic closing at VM shutdown, add ";DB_CLOSE_ON_EXIT=FALSE" to the db URL) [90121-212]
2022-09-19 15:37:15.679  INFO 17940 --- [RMI TCP Connection(12)-127.0.0.1] com.zaxxer.hikari.HikariDataSource       : HikariPool-2 - Shutdown initiated...
2022-09-19 15:37:15.730  INFO 17940 --- [RMI TCP Connection(12)-127.0.0.1] com.zaxxer.hikari.HikariDataSource       : HikariPool-2 - Shutdown completed.
2022-09-19 15:37:18.252  INFO 9388 --- [restartedMain] c.emesall.news.SpringNewsAppApplication  : Starting SpringNewsAppApplication using Java 17.0.2 on ZSHWAE000361 with PID 9388 (C:\Users\EBZAE\eclipse-workspace\SPRING\spring-news-app\target\classes started by EBZAE in C:\Users\EBZAE\eclipse-workspace\SPRING\spring-news-app)
2022-09-19 15:37:18.257 DEBUG 9388 --- [restartedMain] c.emesall.news.SpringNewsAppApplication  : Running with Spring Boot v2.7.0, Spring v5.3.20
2022-09-19 15:37:18.258  INFO 9388 --- [restartedMain] c.emesall.news.SpringNewsAppApplication  : No active profile set, falling back to 1 default profile: "default"
2022-09-19 15:37:18.315  INFO 9388 --- [restartedMain] .e.DevToolsPropertyDefaultsPostProcessor : Devtools property defaults active! Set 'spring.devtools.add-properties' to 'false' to disable
2022-09-19 15:37:18.315  INFO 9388 --- [restartedMain] .e.DevToolsPropertyDefaultsPostProcessor : For additional web related logging consider setting the 'logging.level.web' property to 'DEBUG'
2022-09-19 15:37:19.233  INFO 9388 --- [restartedMain] .s.d.r.c.RepositoryConfigurationDelegate : Bootstrapping Spring Data JPA repositories in DEFAULT mode.
2022-09-19 15:37:19.340  INFO 9388 --- [restartedMain] .s.d.r.c.RepositoryConfigurationDelegate : Finished Spring Data repository scanning in 96 ms. Found 7 JPA repository interfaces.
2022-09-19 15:37:20.090  INFO 9388 --- [restartedMain] o.s.b.w.embedded.tomcat.TomcatWebServer  : Tomcat initialized with port(s): 443 (https)
2022-09-19 15:37:20.102  INFO 9388 --- [restartedMain] o.apache.catalina.core.StandardService   : Starting service [Tomcat]
2022-09-19 15:37:20.103  INFO 9388 --- [restartedMain] org.apache.catalina.core.StandardEngine  : Starting Servlet engine: [Apache Tomcat/9.0.63]
2022-09-19 15:37:20.213  INFO 9388 --- [restartedMain] o.a.c.c.C.[Tomcat].[localhost].[/]       : Initializing Spring embedded WebApplicationContext
2022-09-19 15:37:20.213  INFO 9388 --- [restartedMain] w.s.c.ServletWebServerApplicationContext : Root WebApplicationContext: initialization completed in 1897 ms
2022-09-19 15:37:20.242  INFO 9388 --- [restartedMain] com.zaxxer.hikari.HikariDataSource       : HikariPool-1 - Starting...
2022-09-19 15:37:20.490  INFO 9388 --- [restartedMain] com.zaxxer.hikari.HikariDataSource       : HikariPool-1 - Start completed.
2022-09-19 15:37:20.503  INFO 9388 --- [restartedMain] o.s.b.a.h2.H2ConsoleAutoConfiguration    : H2 console available at '/h2-console'. Database available at 'jdbc:h2:mem:test'
2022-09-19 15:37:20.771  INFO 9388 --- [restartedMain] o.hibernate.jpa.internal.util.LogHelper  : HHH000204: Processing PersistenceUnitInfo [name: default]
2022-09-19 15:37:20.847  INFO 9388 --- [restartedMain] org.hibernate.Version                    : HHH000412: Hibernate ORM core version 5.6.9.Final
2022-09-19 15:37:21.050  INFO 9388 --- [restartedMain] o.hibernate.annotations.common.Version   : HCANN000001: Hibernate Commons Annotations {5.1.2.Final}
2022-09-19 15:37:21.204  INFO 9388 --- [restartedMain] org.hibernate.dialect.Dialect            : HHH000400: Using dialect: org.hibernate.dialect.H2Dialect
2022-09-19 15:37:22.128  INFO 9388 --- [restartedMain] o.h.e.t.j.p.i.JtaPlatformInitiator       : HHH000490: Using JtaPlatform implementation: [org.hibernate.engine.transaction.jta.platform.internal.NoJtaPlatform]
2022-09-19 15:37:22.138  INFO 9388 --- [restartedMain] j.LocalContainerEntityManagerFactoryBean : Initialized JPA EntityManagerFactory for persistence unit 'default'
2022-09-19 15:37:22.947  INFO 9388 --- [restartedMain] o.s.s.web.DefaultSecurityFilterChain     : Will secure any request with [org.springframework.security.web.session.DisableEncodeUrlFilter@404cc470, org.springframework.security.web.context.request.async.WebAsyncManagerIntegrationFilter@2c7a4177, org.springframework.security.web.context.SecurityContextPersistenceFilter@6c35d037, org.springframework.security.web.header.HeaderWriterFilter@7d1ca46a, org.springframework.security.web.csrf.CsrfFilter@47896e87, org.springframework.security.web.authentication.logout.LogoutFilter@6006dc86, org.springframework.security.web.authentication.UsernamePasswordAuthenticationFilter@3865e316, org.springframework.security.web.savedrequest.RequestCacheAwareFilter@688f4c4f, org.springframework.security.web.servletapi.SecurityContextHolderAwareRequestFilter@78edf6ba, org.springframework.security.web.authentication.rememberme.RememberMeAuthenticationFilter@68209f59, org.springframework.security.web.authentication.AnonymousAuthenticationFilter@46e6f1f4, org.springframework.security.web.session.SessionManagementFilter@2622887e, org.springframework.security.web.access.ExceptionTranslationFilter@6052f13b, org.springframework.security.web.access.intercept.FilterSecurityInterceptor@54e2d7e]
2022-09-19 15:37:22.955  WARN 9388 --- [restartedMain] o.s.s.c.a.web.builders.WebSecurity       : You are asking Spring Security to ignore Ant [pattern='/h2-console/**']. This is not recommended -- please use permitAll via HttpSecurity#authorizeHttpRequests instead.
2022-09-19 15:37:22.956  INFO 9388 --- [restartedMain] o.s.s.web.DefaultSecurityFilterChain     : Will not secure Ant [pattern='/h2-console/**']
2022-09-19 15:37:23.010  WARN 9388 --- [restartedMain] JpaBaseConfiguration$JpaWebConfiguration : spring.jpa.open-in-view is enabled by default. Therefore, database queries may be performed during view rendering. Explicitly configure spring.jpa.open-in-view to disable this warning
2022-09-19 15:37:23.173  INFO 9388 --- [restartedMain] o.s.b.a.w.s.WelcomePageHandlerMapping    : Adding welcome page template: index
2022-09-19 15:37:23.675  INFO 9388 --- [restartedMain] o.s.b.d.a.OptionalLiveReloadServer       : LiveReload server is running on port 35729
2022-09-19 15:37:24.057  INFO 9388 --- [restartedMain] o.s.b.w.embedded.tomcat.TomcatWebServer  : Tomcat started on port(s): 443 (https) with context path ''
2022-09-19 15:37:24.239 DEBUG 9388 --- [scheduling-1] c.e.news.scheduled.CleanDBScheduledTask  : Finding old news: 0
2022-09-19 15:37:24.240 DEBUG 9388 --- [scheduling-1] c.e.news.scheduled.CleanDBScheduledTask  : Deleting old news: 0
2022-09-19 15:37:24.241 DEBUG 9388 --- [scheduling-1] c.e.n.scheduled.FetchNewsScheduledTask   : Fetching new news: 2022-09-19T13:37:24.240792400Z
2022-09-19 15:37:24.612  INFO 9388 --- [restartedMain] c.emesall.news.SpringNewsAppApplication  : Started SpringNewsAppApplication in 6.835 seconds (JVM running for 7.597)
2022-09-19 15:38:07.144  INFO 9388 --- [https-jsse-nio-443-exec-5] o.a.c.c.C.[Tomcat].[localhost].[/]       : Initializing Spring DispatcherServlet 'dispatcherServlet'
2022-09-19 15:38:07.144  INFO 9388 --- [https-jsse-nio-443-exec-5] o.s.web.servlet.DispatcherServlet        : Initializing Servlet 'dispatcherServlet'
2022-09-19 15:38:07.146  INFO 9388 --- [https-jsse-nio-443-exec-5] o.s.web.servlet.DispatcherServlet        : Completed initialization in 1 ms
2022-09-19 15:39:18.918  INFO 9388 --- [RMI TCP Connection(4)-127.0.0.1] inMXBeanRegistrar$SpringApplicationAdmin : Application shutdown requested.
2022-09-19 15:39:18.956  INFO 9388 --- [RMI TCP Connection(4)-127.0.0.1] j.LocalContainerEntityManagerFactoryBean : Closing JPA EntityManagerFactory for persistence unit 'default'
2022-09-19 15:39:18.957  INFO 9388 --- [RMI TCP Connection(4)-127.0.0.1] .SchemaDropperImpl$DelayedDropActionImpl : HHH000477: Starting delayed evictData of schema as part of SessionFactory shut-down'
2022-09-19 15:39:19.365  WARN 9388 --- [RMI TCP Connection(4)-127.0.0.1] o.s.b.f.support.DisposableBeanAdapter    : Invocation of destroy method failed on bean with name 'inMemoryDatabaseShutdownExecutor': org.h2.jdbc.JdbcSQLNonTransientConnectionException: Baza danych jest już zamknięta (aby zablokować samoczynne zamykanie podczas zamknięcia VM dodaj ";DB_CLOSE_ON_EXIT=FALSE" do URL bazy danych)
Database is already closed (to disable automatic closing at VM shutdown, add ";DB_CLOSE_ON_EXIT=FALSE" to the db URL) [90121-212]
2022-09-19 15:39:19.366  INFO 9388 --- [RMI TCP Connection(4)-127.0.0.1] com.zaxxer.hikari.HikariDataSource       : HikariPool-1 - Shutdown initiated...
2022-09-19 15:39:19.368  INFO 9388 --- [RMI TCP Connection(4)-127.0.0.1] com.zaxxer.hikari.HikariDataSource       : HikariPool-1 - Shutdown completed.
